Using pre-set license
Built from '2020.2/staging' branch; Version is '2020.2.3f1 (8ff31bc5bf5b) revision 9433883'; Using compiler version '192528614'; Build Type 'Release'
OS: 'Windows 10 Pro; OS build 19042.1052; Version 2009; 64bit' Language: 'en' Physical Memory: 65414 MB
BatchMode: 1, IsHumanControllingUs: 0, StartBugReporterOnCrash: 0, Is64bit: 1, IsPro: 0

 COMMAND LINE ARGUMENTS:
C:\Program Files\Unity\Hub\Editor\2020.2.3f1\Editor\Unity.exe
-adb2
-batchMode
-noUpm
-name
AssetImportWorker0
-projectPath
F:/Git/GameDevWorkshop/GameDevWorkshop/Sandbox/SimpleRPG
-logFile
Logs/AssetImportWorker0.log
-srvPort
60040
Successfully changed project path to: F:/Git/GameDevWorkshop/GameDevWorkshop/Sandbox/SimpleRPG
F:/Git/GameDevWorkshop/GameDevWorkshop/Sandbox/SimpleRPG
Using Asset Import Pipeline V2.
Refreshing native plugins compatible for Editor in 73.05 ms, found 1 plugins.
Preloading 0 native plugins for Editor in 0.00 ms.
Initialize engine version: 2020.2.3f1 (8ff31bc5bf5b)
[Subsystems] Discovering subsystems at path C:/Program Files/Unity/Hub/Editor/2020.2.3f1/Editor/Data/Resources/UnitySubsystems
[Subsystems] Discovering subsystems at path F:/Git/GameDevWorkshop/GameDevWorkshop/Sandbox/SimpleRPG/Assets
GfxDevice: creating device client; threaded=0
Direct3D:
    Version:  Direct3D 11.0 [level 11.1]
    Renderer: NVIDIA GeForce GTX 1070 (ID=0x1b81)
    Vendor:   
    VRAM:     8088 MB
    Driver:   27.21.14.5671
Initialize mono
Mono path[0] = 'C:/Program Files/Unity/Hub/Editor/2020.2.3f1/Editor/Data/Managed'
Mono path[1] = 'C:/Program Files/Unity/Hub/Editor/2020.2.3f1/Editor/Data/MonoBleedingEdge/lib/mono/unityjit'
Mono config path = 'C:/Program Files/Unity/Hub/Editor/2020.2.3f1/Editor/Data/MonoBleedingEdge/etc'
Using monoOptions --debugger-agent=transport=dt_socket,embedding=1,server=y,suspend=n,address=127.0.0.1:56472
Begin MonoManager ReloadAssembly
Registering precompiled unity dll's ...
Register platform support module: C:/Program Files/Unity/Hub/Editor/2020.2.3f1/Editor/Data/PlaybackEngines/WindowsStandaloneSupport/UnityEditor.WindowsStandalone.Extensions.dll
Registered in 0.004749 seconds.
Native extension for WindowsStandalone target not found
Refreshing native plugins compatible for Editor in 84.87 ms, found 1 plugins.
Preloading 0 native plugins for Editor in 0.00 ms.
Invoked RoslynAnalysisRunner static constructor.
RoslynAnalysisRunner will not be running.
RoslynAnalysisRunner has terminated.
Mono: successfully reloaded assembly
- Completed reload, in  2.158 seconds
Platform modules already initialized, skipping
Registering precompiled user dll's ...
Registered in 0.001978 seconds.
Begin MonoManager ReloadAssembly
Native extension for WindowsStandalone target not found
Refreshing native plugins compatible for Editor in 72.53 ms, found 1 plugins.
Preloading 0 native plugins for Editor in 0.00 ms.
Invoked RoslynAnalysisRunner static constructor.
RoslynAnalysisRunner will not be running.
RoslynAnalysisRunner has terminated.
Mono: successfully reloaded assembly
- Completed reload, in  1.776 seconds
Platform modules already initialized, skipping
========================================================================
Worker process is ready to serve import requests
Launched and connected shader compiler UnityShaderCompiler.exe after 0.08 seconds
Refreshing native plugins compatible for Editor in 1.09 ms, found 1 plugins.
Preloading 0 native plugins for Editor in 0.00 ms.
Unloading 1877 Unused Serialized files (Serialized files now loaded: 0)
System memory in use before: 89.1 MB.
System memory in use after: 89.0 MB.

Unloading 24 unused Assets to reduce memory usage. Loaded Objects now: 2323.
Total: 4.549900 ms (FindLiveObjects: 0.415900 ms CreateObjectMapping: 0.056000 ms MarkObjects: 3.806600 ms  DeleteObjects: 0.268600 ms)

========================================================================
Received Import Request.
  path: Assets/ToDoList.cs
  artifactKey: Guid(9bcd9f7cdd1318244825de002758396a) Importer(815301076,1909f56bfc062723c751e8b465ee728b)
Start importing Assets/ToDoList.cs using Guid(9bcd9f7cdd1318244825de002758396a) Importer(815301076,1909f56bfc062723c751e8b465ee728b)  -> (artifact id: 'd1997dac4d018c22da0cf37934ea1f58') in 0.041904 seconds
  Import took 0.046930 seconds .

========================================================================
Received Import Request.
  Time since last request: 2967.885058 seconds.
  path: Assets/Art/Sprites/InGame/Materials
  artifactKey: Guid(b7a1c2c0fb94f474dad9e70c22d10031) Importer(815301076,1909f56bfc062723c751e8b465ee728b)
Start importing Assets/Art/Sprites/InGame/Materials using Guid(b7a1c2c0fb94f474dad9e70c22d10031) Importer(815301076,1909f56bfc062723c751e8b465ee728b)  -> (artifact id: '1bbd5926be12dbd7a11592aa90f9b529') in 0.004934 seconds
  Import took 0.011710 seconds .

========================================================================
Received Import Request.
  Time since last request: 0.088124 seconds.
  path: Assets/Art/Sprites/InGame/Materials/Player.mat
  artifactKey: Guid(c7d43477031caae418cec830ffd29ab5) Importer(815301076,1909f56bfc062723c751e8b465ee728b)
Start importing Assets/Art/Sprites/InGame/Materials/Player.mat using Guid(c7d43477031caae418cec830ffd29ab5) Importer(815301076,1909f56bfc062723c751e8b465ee728b)  -> (artifact id: '0ede40a960e302720f2c80b0ce8f84b4') in 0.121891 seconds
  Import took 0.127778 seconds .

========================================================================
Received Import Request.
  Time since last request: 8.486855 seconds.
  path: Assets/Art/Sprites/InGame/Tiles/bluePotion.asset
  artifactKey: Guid(20181303d202a8b4781a5b36768e9c60) Importer(815301076,1909f56bfc062723c751e8b465ee728b)
Start importing Assets/Art/Sprites/InGame/Tiles/bluePotion.asset using Guid(20181303d202a8b4781a5b36768e9c60) Importer(815301076,1909f56bfc062723c751e8b465ee728b)  -> (artifact id: '45708ca4d87ba1c144dc9ef36983cce4') in 0.031864 seconds
  Import took 0.065577 seconds .

========================================================================
Received Import Request.
  Time since last request: 0.014804 seconds.
  path: Assets/Art/Sprites/InGame/Tiles/cherries.asset
  artifactKey: Guid(b82197d7e2539a540b811b9cf5d8d0ca) Importer(815301076,1909f56bfc062723c751e8b465ee728b)
Start importing Assets/Art/Sprites/InGame/Tiles/cherries.asset using Guid(b82197d7e2539a540b811b9cf5d8d0ca) Importer(815301076,1909f56bfc062723c751e8b465ee728b)  -> (artifact id: '1dfe75751b127f56285fb49d9739cdf7') in 0.009251 seconds
  Import took 0.024782 seconds .

========================================================================
Received Import Request.
  Time since last request: 0.000447 seconds.
  path: Assets/Art/Sprites/InGame/Tiles/coin0.asset
  artifactKey: Guid(a8e75d5788e7b44409fbeccead8a8cca) Importer(815301076,1909f56bfc062723c751e8b465ee728b)
Start importing Assets/Art/Sprites/InGame/Tiles/coin0.asset using Guid(a8e75d5788e7b44409fbeccead8a8cca) Importer(815301076,1909f56bfc062723c751e8b465ee728b)  -> (artifact id: '3c6b5d5fb939e7044e741a6b80945b32') in 0.009045 seconds
  Import took 0.014155 seconds .

========================================================================
Received Import Request.
  Time since last request: 0.000514 seconds.
  path: Assets/Art/Sprites/InGame/Tiles/coin1.asset
  artifactKey: Guid(7115bf903a92bd34181a6657065a1058) Importer(815301076,1909f56bfc062723c751e8b465ee728b)
Start importing Assets/Art/Sprites/InGame/Tiles/coin1.asset using Guid(7115bf903a92bd34181a6657065a1058) Importer(815301076,1909f56bfc062723c751e8b465ee728b)  -> (artifact id: '27ef628dc15d378371bfc154a9657607') in 0.006940 seconds
  Import took 0.010758 seconds .

========================================================================
Received Import Request.
  Time since last request: 0.000425 seconds.
  path: Assets/Art/Sprites/InGame/Tiles/coin4.asset
  artifactKey: Guid(ac63a9ce069d6554584238155f2b76c3) Importer(815301076,1909f56bfc062723c751e8b465ee728b)
Start importing Assets/Art/Sprites/InGame/Tiles/coin4.asset using Guid(ac63a9ce069d6554584238155f2b76c3) Importer(815301076,1909f56bfc062723c751e8b465ee728b)  -> (artifact id: '2d0d95c0d50883f370267205ab3ed6ff') in 0.007350 seconds
  Import took 0.011829 seconds .

========================================================================
Received Import Request.
  Time since last request: 0.000438 seconds.
  path: Assets/Art/Sprites/InGame/Tiles/coin3.asset
  artifactKey: Guid(57975724abb6ea34abf33a660e305d8c) Importer(815301076,1909f56bfc062723c751e8b465ee728b)
Start importing Assets/Art/Sprites/InGame/Tiles/coin3.asset using Guid(57975724abb6ea34abf33a660e305d8c) Importer(815301076,1909f56bfc062723c751e8b465ee728b)  -> (artifact id: 'db280938e9bdfb7733dcfda27568f861') in 0.008476 seconds
  Import took 0.012910 seconds .

========================================================================
Received Import Request.
  Time since last request: 0.000525 seconds.
  path: Assets/Art/Sprites/InGame/Tiles/coin6.asset
  artifactKey: Guid(5dbaeec7d745a63448648d1caf963c44) Importer(815301076,1909f56bfc062723c751e8b465ee728b)
Start importing Assets/Art/Sprites/InGame/Tiles/coin6.asset using Guid(5dbaeec7d745a63448648d1caf963c44) Importer(815301076,1909f56bfc062723c751e8b465ee728b)  -> (artifact id: '2e21ef0fa7db6c9ecf488649f2f2aecf') in 0.008095 seconds
  Import took 0.012209 seconds .

========================================================================
Received Import Request.
  Time since last request: 0.000438 seconds.
  path: Assets/Art/Sprites/InGame/Tiles/coin8.asset
  artifactKey: Guid(de7a4aea61024094386ee4adef5acc92) Importer(815301076,1909f56bfc062723c751e8b465ee728b)
Start importing Assets/Art/Sprites/InGame/Tiles/coin8.asset using Guid(de7a4aea61024094386ee4adef5acc92) Importer(815301076,1909f56bfc062723c751e8b465ee728b)  -> (artifact id: 'f06224a3644fe9602f123382bf6d30d1') in 0.009475 seconds
  Import took 0.014715 seconds .

========================================================================
Received Import Request.
  Time since last request: 0.000508 seconds.
  path: Assets/Art/Sprites/InGame/Tiles/coin9.asset
  artifactKey: Guid(3e67b3a4b0cf4e2478aaf8be54a6e0c8) Importer(815301076,1909f56bfc062723c751e8b465ee728b)
Start importing Assets/Art/Sprites/InGame/Tiles/coin9.asset using Guid(3e67b3a4b0cf4e2478aaf8be54a6e0c8) Importer(815301076,1909f56bfc062723c751e8b465ee728b)  -> (artifact id: 'd15ba98a89f4d6b535b279716372bbc9') in 0.011375 seconds
  Import took 0.018288 seconds .

========================================================================
Received Import Request.
  Time since last request: 0.000556 seconds.
  path: Assets/Art/Sprites/InGame/Tiles/coin_silver.asset
  artifactKey: Guid(f69fd47003b918f4392db74138788025) Importer(815301076,1909f56bfc062723c751e8b465ee728b)
Start importing Assets/Art/Sprites/InGame/Tiles/coin_silver.asset using Guid(f69fd47003b918f4392db74138788025) Importer(815301076,1909f56bfc062723c751e8b465ee728b)  -> (artifact id: '6f808544e0cf58914bb201dde6bb6ae1') in 0.011444 seconds
  Import took 0.018487 seconds .

========================================================================
Received Import Request.
  Time since last request: 0.000444 seconds.
  path: Assets/Art/Sprites/InGame/Tiles/coin_gold.asset
  artifactKey: Guid(46abb56e80043d8418818ef8d3f42383) Importer(815301076,1909f56bfc062723c751e8b465ee728b)
Start importing Assets/Art/Sprites/InGame/Tiles/coin_gold.asset using Guid(46abb56e80043d8418818ef8d3f42383) Importer(815301076,1909f56bfc062723c751e8b465ee728b)  -> (artifact id: '5b1c2800392772ce8e27e69fb7b9ed87') in 0.011333 seconds
  Import took 0.027282 seconds .

========================================================================
Received Import Request.
  Time since last request: 0.000534 seconds.
  path: Assets/Art/Sprites/InGame/Tiles/coin5.asset
  artifactKey: Guid(55cf48181518cb445a5fcaa035b58227) Importer(815301076,1909f56bfc062723c751e8b465ee728b)
Start importing Assets/Art/Sprites/InGame/Tiles/coin5.asset using Guid(55cf48181518cb445a5fcaa035b58227) Importer(815301076,1909f56bfc062723c751e8b465ee728b)  -> (artifact id: '6ef2f9d0282e9ba94964d86c92d55eba') in 0.010248 seconds
  Import took 0.015759 seconds .

========================================================================
Received Import Request.
  Time since last request: 0.000573 seconds.
  path: Assets/Art/Sprites/InGame/Tiles/gem.asset
  artifactKey: Guid(c3a154a0732d0a444a8e1c5bc20633f7) Importer(815301076,1909f56bfc062723c751e8b465ee728b)
Start importing Assets/Art/Sprites/InGame/Tiles/gem.asset using Guid(c3a154a0732d0a444a8e1c5bc20633f7) Importer(815301076,1909f56bfc062723c751e8b465ee728b)  -> (artifact id: 'c0464d25414b37ea1d4028796f833933') in 0.009331 seconds
  Import took 0.014925 seconds .

========================================================================
Received Import Request.
  Time since last request: 0.000446 seconds.
  path: Assets/Art/Sprites/InGame/Tiles/keyCard_a.asset
  artifactKey: Guid(683afcf6b3d110f428af40662eeb1737) Importer(815301076,1909f56bfc062723c751e8b465ee728b)
Start importing Assets/Art/Sprites/InGame/Tiles/keyCard_a.asset using Guid(683afcf6b3d110f428af40662eeb1737) Importer(815301076,1909f56bfc062723c751e8b465ee728b)  -> (artifact id: '73eab8340bdc77f2bda54d39699204b7') in 0.010760 seconds
  Import took 0.023738 seconds .

========================================================================
Received Import Request.
  Time since last request: 0.000635 seconds.
  path: Assets/Art/Sprites/InGame/Tiles/potion_blue.asset
  artifactKey: Guid(c0d5c2846c52e664192536acc6b3754a) Importer(815301076,1909f56bfc062723c751e8b465ee728b)
Start importing Assets/Art/Sprites/InGame/Tiles/potion_blue.asset using Guid(c0d5c2846c52e664192536acc6b3754a) Importer(815301076,1909f56bfc062723c751e8b465ee728b)  -> (artifact id: '4cbc05b316f2602172a6c7e383301fe9') in 0.011495 seconds
  Import took 0.018319 seconds .

========================================================================
Received Import Request.
  Time since last request: 0.000574 seconds.
  path: Assets/Art/Sprites/InGame/Tiles/potion_empty.asset
  artifactKey: Guid(4861f6f385a210b4d92baf265ae40ae0) Importer(815301076,1909f56bfc062723c751e8b465ee728b)
Start importing Assets/Art/Sprites/InGame/Tiles/potion_empty.asset using Guid(4861f6f385a210b4d92baf265ae40ae0) Importer(815301076,1909f56bfc062723c751e8b465ee728b)  -> (artifact id: 'c19b708a90253732acad95296ecd5ecd') in 0.010504 seconds
  Import took 0.016056 seconds .

========================================================================
Received Import Request.
  Time since last request: 0.000571 seconds.
  path: Assets/Art/Sprites/InGame/Tiles/potion_purple.asset
  artifactKey: Guid(ae9c2642c1eb63e44b117cf595c0aaff) Importer(815301076,1909f56bfc062723c751e8b465ee728b)
Start importing Assets/Art/Sprites/InGame/Tiles/potion_purple.asset using Guid(ae9c2642c1eb63e44b117cf595c0aaff) Importer(815301076,1909f56bfc062723c751e8b465ee728b)  -> (artifact id: '6f47654af5af897231ac658bef8ed0fa') in 0.011396 seconds
  Import took 0.017165 seconds .

========================================================================
Received Import Request.
  Time since last request: 0.000571 seconds.
  path: Assets/Art/Sprites/InGame/Tiles/potion_green.asset
  artifactKey: Guid(1a81f644d28058d43a041f003a074ffb) Importer(815301076,1909f56bfc062723c751e8b465ee728b)
Start importing Assets/Art/Sprites/InGame/Tiles/potion_green.asset using Guid(1a81f644d28058d43a041f003a074ffb) Importer(815301076,1909f56bfc062723c751e8b465ee728b)  -> (artifact id: '293b47e987a91c4861a76acc05ddc411') in 0.009417 seconds
  Import took 0.015194 seconds .

========================================================================
Received Import Request.
  Time since last request: 0.000615 seconds.
  path: Assets/Art/Sprites/InGame/Tiles/potion_red.asset
  artifactKey: Guid(787b38ffb6c779c43974960918d4d8e9) Importer(815301076,1909f56bfc062723c751e8b465ee728b)
Start importing Assets/Art/Sprites/InGame/Tiles/potion_red.asset using Guid(787b38ffb6c779c43974960918d4d8e9) Importer(815301076,1909f56bfc062723c751e8b465ee728b)  -> (artifact id: '59ffc940dda23da674ac9f6ae9b0e3a3') in 0.009246 seconds
  Import took 0.014235 seconds .

========================================================================
Received Import Request.
  Time since last request: 0.000597 seconds.
  path: Assets/Art/Sprites/InGame/Tiles/keyCard_b.asset
  artifactKey: Guid(6d68d57b55a29984b936329097a3d5e6) Importer(815301076,1909f56bfc062723c751e8b465ee728b)
Start importing Assets/Art/Sprites/InGame/Tiles/keyCard_b.asset using Guid(6d68d57b55a29984b936329097a3d5e6) Importer(815301076,1909f56bfc062723c751e8b465ee728b)  -> (artifact id: '233fffa30f7983795478e6e67a7f06af') in 0.008684 seconds
  Import took 0.013668 seconds .

========================================================================
Received Import Request.
  Time since last request: 0.000480 seconds.
  path: Assets/Art/Sprites/InGame/Tiles/greenPotion.asset
  artifactKey: Guid(b4c43f4496ab3744cb46871968bb4cbf) Importer(815301076,1909f56bfc062723c751e8b465ee728b)
Start importing Assets/Art/Sprites/InGame/Tiles/greenPotion.asset using Guid(b4c43f4496ab3744cb46871968bb4cbf) Importer(815301076,1909f56bfc062723c751e8b465ee728b)  -> (artifact id: '93ffb808e48a72e3c5d807a8f25acc62') in 0.010106 seconds
  Import took 0.016967 seconds .

========================================================================
Received Import Request.
  Time since last request: 0.000626 seconds.
  path: Assets/Art/Sprites/InGame/Tiles/coin7.asset
  artifactKey: Guid(d84de75e1c4ced341acda37d8bf72466) Importer(815301076,1909f56bfc062723c751e8b465ee728b)
Start importing Assets/Art/Sprites/InGame/Tiles/coin7.asset using Guid(d84de75e1c4ced341acda37d8bf72466) Importer(815301076,1909f56bfc062723c751e8b465ee728b)  -> (artifact id: '1f887ec9fc3709bb27bce840db65a51c') in 0.008460 seconds
  Import took 0.013005 seconds .

========================================================================
Received Import Request.
  Time since last request: 0.000547 seconds.
  path: Assets/Art/Sprites/InGame/Tiles/coin_bronze.asset
  artifactKey: Guid(9355b5c10835c2443b2fef7c3164ca5d) Importer(815301076,1909f56bfc062723c751e8b465ee728b)
Start importing Assets/Art/Sprites/InGame/Tiles/coin_bronze.asset using Guid(9355b5c10835c2443b2fef7c3164ca5d) Importer(815301076,1909f56bfc062723c751e8b465ee728b)  -> (artifact id: '6f9e2bc9b384fc2b614921d0c73011ba') in 0.011108 seconds
  Import took 0.018313 seconds .

========================================================================
Received Import Request.
  Time since last request: 0.000633 seconds.
  path: Assets/Art/Sprites/InGame/Tiles/heart.asset
  artifactKey: Guid(d0c47589b68fb014fade6f994c66a7c5) Importer(815301076,1909f56bfc062723c751e8b465ee728b)
Start importing Assets/Art/Sprites/InGame/Tiles/heart.asset using Guid(d0c47589b68fb014fade6f994c66a7c5) Importer(815301076,1909f56bfc062723c751e8b465ee728b)  -> (artifact id: '1faf442f6426c7368a0b9ac0fbe10530') in 0.010293 seconds
  Import took 0.016679 seconds .

========================================================================
Received Import Request.
  Time since last request: 0.000434 seconds.
  path: Assets/Art/Sprites/InGame/Tiles/coin2.asset
  artifactKey: Guid(98a73148bf9e40f4a9bd3c36ec3ec0a4) Importer(815301076,1909f56bfc062723c751e8b465ee728b)
Start importing Assets/Art/Sprites/InGame/Tiles/coin2.asset using Guid(98a73148bf9e40f4a9bd3c36ec3ec0a4) Importer(815301076,1909f56bfc062723c751e8b465ee728b)  -> (artifact id: 'ec37ce35349185a42dbac37208305a20') in 0.008329 seconds
  Import took 0.013525 seconds .

========================================================================
Received Import Request.
  Time since last request: 337.243343 seconds.
  path: Assets/Scripts/UI
  artifactKey: Guid(606acce174550e448bd557a3ed55eb3c) Importer(815301076,1909f56bfc062723c751e8b465ee728b)
Start importing Assets/Scripts/UI using Guid(606acce174550e448bd557a3ed55eb3c) Importer(815301076,1909f56bfc062723c751e8b465ee728b)  -> (artifact id: 'c9828b7a0b74a0bd288f7b7864bd6d0f') in 0.004000 seconds
  Import took 0.010067 seconds .

========================================================================
Received Import Request.
  Time since last request: 33.508406 seconds.
  path: Assets/Scripts/UI/StartScreenUI.cs
  artifactKey: Guid(d2f5b9661d2742b4ebd6d7f331094325) Importer(815301076,1909f56bfc062723c751e8b465ee728b)
Start importing Assets/Scripts/UI/StartScreenUI.cs using Guid(d2f5b9661d2742b4ebd6d7f331094325) Importer(815301076,1909f56bfc062723c751e8b465ee728b)  -> (artifact id: '2144a96e08d94312e3025f9baab97782') in 0.004970 seconds
  Import took 0.011878 seconds .

========================================================================
Received Import Request.
  Time since last request: 26.478382 seconds.
  path: Assets/Scripts/UI/StartScreenUI.cs
  artifactKey: Guid(d2f5b9661d2742b4ebd6d7f331094325) Importer(815301076,1909f56bfc062723c751e8b465ee728b)
Start importing Assets/Scripts/UI/StartScreenUI.cs using Guid(d2f5b9661d2742b4ebd6d7f331094325) Importer(815301076,1909f56bfc062723c751e8b465ee728b)  -> (artifact id: '603732f9751bd9438a55f6b61a4766b0') in 0.004093 seconds
  Import took 0.010691 seconds .

========================================================================
Received Prepare
Registering precompiled user dll's ...
Registered in 0.002379 seconds.
Begin MonoManager ReloadAssembly
Native extension for WindowsStandalone target not found
Refreshing native plugins compatible for Editor in 1.51 ms, found 1 plugins.
Preloading 0 native plugins for Editor in 0.00 ms.
Invoked RoslynAnalysisRunner static constructor.
RoslynAnalysisRunner will not be running.
RoslynAnalysisRunner has terminated.
Mono: successfully reloaded assembly
- Completed reload, in  1.848 seconds
Platform modules already initialized, skipping
Refreshing native plugins compatible for Editor in 1.41 ms, found 1 plugins.
Preloading 0 native plugins for Editor in 0.00 ms.
Unloading 1859 Unused Serialized files (Serialized files now loaded: 0)
System memory in use before: 91.5 MB.
System memory in use after: 91.5 MB.

Unloading 12 unused Assets to reduce memory usage. Loaded Objects now: 2370.
Total: 6.027900 ms (FindLiveObjects: 0.557900 ms CreateObjectMapping: 0.167000 ms MarkObjects: 5.035400 ms  DeleteObjects: 0.264700 ms)

========================================================================
Received Import Request.
  Time since last request: 30.961654 seconds.
  path: Assets/Scenes/SampleScene.unity
  artifactKey: Guid(2cda990e2423bbf4892e6590ba056729) Importer(815301076,1909f56bfc062723c751e8b465ee728b)
Start importing Assets/Scenes/SampleScene.unity using Guid(2cda990e2423bbf4892e6590ba056729) Importer(815301076,1909f56bfc062723c751e8b465ee728b)  -> (artifact id: 'c0b1f4d2579f7c49598bd0a1282bd0e0') in 0.030710 seconds
  Import took 0.037016 seconds .

========================================================================
Received Import Request.
  Time since last request: 1.944488 seconds.
  path: Assets/Scenes/Game.unity
  artifactKey: Guid(604a57a1febbfd5469725eb978ac23b6) Importer(815301076,1909f56bfc062723c751e8b465ee728b)
Start importing Assets/Scenes/Game.unity using Guid(604a57a1febbfd5469725eb978ac23b6) Importer(815301076,1909f56bfc062723c751e8b465ee728b)  -> (artifact id: '40ffc541cd144fa6c0117f33ccd1c180') in 0.005593 seconds
  Import took 0.012443 seconds .

========================================================================
Received Import Request.
  Time since last request: 37.795079 seconds.
  path: Assets/Scenes/StartScreen.unity
  artifactKey: Guid(3db2622d749e1754d9a1018fee567c47) Importer(815301076,1909f56bfc062723c751e8b465ee728b)
Start importing Assets/Scenes/StartScreen.unity using Guid(3db2622d749e1754d9a1018fee567c47) Importer(815301076,1909f56bfc062723c751e8b465ee728b)  -> (artifact id: 'ea156cff41a531e126cdb48987ab2c93') in 0.006872 seconds
  Import took 0.013263 seconds .

========================================================================
Received Prepare
Registering precompiled user dll's ...
Registered in 0.002389 seconds.
Begin MonoManager ReloadAssembly
Native extension for WindowsStandalone target not found
Refreshing native plugins compatible for Editor in 0.85 ms, found 1 plugins.
Preloading 0 native plugins for Editor in 0.00 ms.
Invoked RoslynAnalysisRunner static constructor.
RoslynAnalysisRunner will not be running.
RoslynAnalysisRunner has terminated.
Mono: successfully reloaded assembly
- Completed reload, in  1.427 seconds
Platform modules already initialized, skipping
Refreshing native plugins compatible for Editor in 0.79 ms, found 1 plugins.
Preloading 0 native plugins for Editor in 0.00 ms.
Unloading 1859 Unused Serialized files (Serialized files now loaded: 0)
System memory in use before: 91.6 MB.
System memory in use after: 91.6 MB.

Unloading 12 unused Assets to reduce memory usage. Loaded Objects now: 2373.
Total: 3.901400 ms (FindLiveObjects: 0.579000 ms CreateObjectMapping: 0.129900 ms MarkObjects: 3.003300 ms  DeleteObjects: 0.185400 ms)

========================================================================
Received Prepare
Registering precompiled user dll's ...
Registered in 0.001601 seconds.
Begin MonoManager ReloadAssembly
Native extension for WindowsStandalone target not found
Refreshing native plugins compatible for Editor in 0.90 ms, found 1 plugins.
Preloading 0 native plugins for Editor in 0.00 ms.
Invoked RoslynAnalysisRunner static constructor.
RoslynAnalysisRunner will not be running.
RoslynAnalysisRunner has terminated.
Mono: successfully reloaded assembly
- Completed reload, in  1.338 seconds
Platform modules already initialized, skipping
Refreshing native plugins compatible for Editor in 1.52 ms, found 1 plugins.
Preloading 0 native plugins for Editor in 0.00 ms.
Unloading 1859 Unused Serialized files (Serialized files now loaded: 0)
System memory in use before: 91.6 MB.
System memory in use after: 91.6 MB.

Unloading 12 unused Assets to reduce memory usage. Loaded Objects now: 2376.
Total: 4.567200 ms (FindLiveObjects: 0.690900 ms CreateObjectMapping: 0.275500 ms MarkObjects: 3.349900 ms  DeleteObjects: 0.246500 ms)

========================================================================
Received Import Request.
  Time since last request: 294.809882 seconds.
  path: Assets/Animations/Animation Controllers/StartScreen_Shark.controller
  artifactKey: Guid(f928b5b9bba36844a94ebe8f9566c8ff) Importer(815301076,1909f56bfc062723c751e8b465ee728b)
Start importing Assets/Animations/Animation Controllers/StartScreen_Shark.controller using Guid(f928b5b9bba36844a94ebe8f9566c8ff) Importer(815301076,1909f56bfc062723c751e8b465ee728b)  -> (artifact id: '226b25adff0269a6ef1e1243d78baf98') in 0.033680 seconds
  Import took 0.057092 seconds .

========================================================================
Received Import Request.
  Time since last request: 365.243085 seconds.
  path: Assets/Animations/Animation Controllers/StartScreen_Shark.controller
  artifactKey: Guid(f928b5b9bba36844a94ebe8f9566c8ff) Importer(815301076,1909f56bfc062723c751e8b465ee728b)
Start importing Assets/Animations/Animation Controllers/StartScreen_Shark.controller using Guid(f928b5b9bba36844a94ebe8f9566c8ff) Importer(815301076,1909f56bfc062723c751e8b465ee728b)  -> (artifact id: '47c189d62546364534e08f547d0af488') in 0.011841 seconds
  Import took 0.019318 seconds .

========================================================================
Received Import Request.
  Time since last request: 17.921699 seconds.
  path: Assets/Animations/Animation Files/UI/StartScreen_Shark_Swim.anim
  artifactKey: Guid(8d589dbbced46a44c8b997cfd8c55832) Importer(815301076,1909f56bfc062723c751e8b465ee728b)
Start importing Assets/Animations/Animation Files/UI/StartScreen_Shark_Swim.anim using Guid(8d589dbbced46a44c8b997cfd8c55832) Importer(815301076,1909f56bfc062723c751e8b465ee728b)  -> (artifact id: 'c5c03d54acb9321d3a0ea19feb390758') in 0.013871 seconds
  Import took 0.019649 seconds .

========================================================================
Received Import Request.
  Time since last request: 0.003293 seconds.
  path: Assets/Animations/Animation Files/UI/StartScreen_Shark_Swim.anim
  artifactKey: Guid(8d589dbbced46a44c8b997cfd8c55832) Importer(815301076,1909f56bfc062723c751e8b465ee728b)
Start importing Assets/Animations/Animation Files/UI/StartScreen_Shark_Swim.anim using Guid(8d589dbbced46a44c8b997cfd8c55832) Importer(815301076,1909f56bfc062723c751e8b465ee728b)  -> (artifact id: 'c5c03d54acb9321d3a0ea19feb390758') in 0.006508 seconds
  Import took 0.011835 seconds .

========================================================================
Received Prepare
Registering precompiled user dll's ...
Registered in 0.001586 seconds.
Begin MonoManager ReloadAssembly
Native extension for WindowsStandalone target not found
Refreshing native plugins compatible for Editor in 0.90 ms, found 1 plugins.
Preloading 0 native plugins for Editor in 0.00 ms.
Invoked RoslynAnalysisRunner static constructor.
RoslynAnalysisRunner will not be running.
RoslynAnalysisRunner has terminated.
Mono: successfully reloaded assembly
- Completed reload, in  1.349 seconds
Platform modules already initialized, skipping
Refreshing native plugins compatible for Editor in 0.89 ms, found 1 plugins.
Preloading 0 native plugins for Editor in 0.00 ms.
Unloading 1859 Unused Serialized files (Serialized files now loaded: 0)
System memory in use before: 91.7 MB.
System memory in use after: 91.6 MB.

Unloading 12 unused Assets to reduce memory usage. Loaded Objects now: 2379.
Total: 3.670600 ms (FindLiveObjects: 0.510300 ms CreateObjectMapping: 0.119400 ms MarkObjects: 2.825700 ms  DeleteObjects: 0.211900 ms)

========================================================================
Received Prepare
Registering precompiled user dll's ...
Registered in 0.001563 seconds.
Begin MonoManager ReloadAssembly
Native extension for WindowsStandalone target not found
Refreshing native plugins compatible for Editor in 0.55 ms, found 1 plugins.
Preloading 0 native plugins for Editor in 0.00 ms.
Invoked RoslynAnalysisRunner static constructor.
RoslynAnalysisRunner will not be running.
RoslynAnalysisRunner has terminated.
Mono: successfully reloaded assembly
- Completed reload, in  0.939 seconds
Platform modules already initialized, skipping
Refreshing native plugins compatible for Editor in 0.57 ms, found 1 plugins.
Preloading 0 native plugins for Editor in 0.00 ms.
Unloading 1859 Unused Serialized files (Serialized files now loaded: 0)
System memory in use before: 91.7 MB.
System memory in use after: 91.7 MB.

Unloading 12 unused Assets to reduce memory usage. Loaded Objects now: 2382.
Total: 2.409500 ms (FindLiveObjects: 0.281300 ms CreateObjectMapping: 0.061300 ms MarkObjects: 1.922400 ms  DeleteObjects: 0.143300 ms)

========================================================================
Received Import Request.
  Time since last request: 347.391212 seconds.
  path: Assets/Scripts/Core/SceneLoader.cs
  artifactKey: Guid(a9777594e0cbeae4cb36b2c5b4ec299f) Importer(815301076,1909f56bfc062723c751e8b465ee728b)
Start importing Assets/Scripts/Core/SceneLoader.cs using Guid(a9777594e0cbeae4cb36b2c5b4ec299f) Importer(815301076,1909f56bfc062723c751e8b465ee728b)  -> (artifact id: 'e204c670d9a58466691bf6fa82039a58') in 0.012142 seconds
  Import took 0.018801 seconds .

========================================================================
Received Prepare
Registering precompiled user dll's ...
Registered in 0.002457 seconds.
Begin MonoManager ReloadAssembly
Native extension for WindowsStandalone target not found
Refreshing native plugins compatible for Editor in 0.72 ms, found 1 plugins.
Preloading 0 native plugins for Editor in 0.00 ms.
Invoked RoslynAnalysisRunner static constructor.
RoslynAnalysisRunner will not be running.
RoslynAnalysisRunner has terminated.
Mono: successfully reloaded assembly
- Completed reload, in  1.215 seconds
Platform modules already initialized, skipping
Refreshing native plugins compatible for Editor in 0.81 ms, found 1 plugins.
Preloading 0 native plugins for Editor in 0.00 ms.
Unloading 1860 Unused Serialized files (Serialized files now loaded: 0)
System memory in use before: 91.7 MB.
System memory in use after: 91.7 MB.

Unloading 12 unused Assets to reduce memory usage. Loaded Objects now: 2386.
Total: 6.128500 ms (FindLiveObjects: 0.630400 ms CreateObjectMapping: 0.206100 ms MarkObjects: 5.013400 ms  DeleteObjects: 0.275200 ms)

========================================================================
Received Import Request.
  Time since last request: 110.003833 seconds.
  path: Assets/Scripts/Core/SceneLoader.cs
  artifactKey: Guid(a9777594e0cbeae4cb36b2c5b4ec299f) Importer(815301076,1909f56bfc062723c751e8b465ee728b)
Start importing Assets/Scripts/Core/SceneLoader.cs using Guid(a9777594e0cbeae4cb36b2c5b4ec299f) Importer(815301076,1909f56bfc062723c751e8b465ee728b)  -> (artifact id: 'e81c96864ca72ad5b7c2bb3dd32a1019') in 0.010253 seconds
  Import took 0.017025 seconds .

========================================================================
Received Prepare
Registering precompiled user dll's ...
Registered in 0.001597 seconds.
Begin MonoManager ReloadAssembly
Native extension for WindowsStandalone target not found
Refreshing native plugins compatible for Editor in 0.81 ms, found 1 plugins.
Preloading 0 native plugins for Editor in 0.00 ms.
Invoked RoslynAnalysisRunner static constructor.
RoslynAnalysisRunner will not be running.
RoslynAnalysisRunner has terminated.
Mono: successfully reloaded assembly
- Completed reload, in  1.329 seconds
Platform modules already initialized, skipping
Refreshing native plugins compatible for Editor in 1.04 ms, found 1 plugins.
Preloading 0 native plugins for Editor in 0.00 ms.
Unloading 1860 Unused Serialized files (Serialized files now loaded: 0)
System memory in use before: 91.7 MB.
System memory in use after: 91.7 MB.

Unloading 12 unused Assets to reduce memory usage. Loaded Objects now: 2389.
Total: 4.604100 ms (FindLiveObjects: 0.623100 ms CreateObjectMapping: 0.159900 ms MarkObjects: 3.597300 ms  DeleteObjects: 0.222000 ms)

========================================================================
Received Import Request.
  Time since last request: 208.584574 seconds.
  path: ProjectSettings/TagManager.asset
  artifactKey: Guid(00000000000000003000000000000000) Importer(815301076,1909f56bfc062723c751e8b465ee728b)
Start importing ProjectSettings/TagManager.asset using Guid(00000000000000003000000000000000) Importer(815301076,1909f56bfc062723c751e8b465ee728b)  -> (artifact id: '4d7a180fb2a932af32652da3ecc7966b') in 0.029868 seconds
  Import took 0.036838 seconds .

========================================================================
Received Import Request.
  Time since last request: 50.065891 seconds.
  path: Assets/Animations/Animation Controllers/FadeScreen.controller
  artifactKey: Guid(56de6eca6b000b24c9e93e911961eb6d) Importer(815301076,1909f56bfc062723c751e8b465ee728b)
Start importing Assets/Animations/Animation Controllers/FadeScreen.controller using Guid(56de6eca6b000b24c9e93e911961eb6d) Importer(815301076,1909f56bfc062723c751e8b465ee728b)  -> (artifact id: '2a243a46970108dd9313e06173ba7be7') in 0.005881 seconds
  Import took 0.011312 seconds .

========================================================================
Received Import Request.
  Time since last request: 8.661518 seconds.
  path: Assets/Animations/Animation Controllers/FadeScreen.controller
  artifactKey: Guid(56de6eca6b000b24c9e93e911961eb6d) Importer(815301076,1909f56bfc062723c751e8b465ee728b)
Start importing Assets/Animations/Animation Controllers/FadeScreen.controller using Guid(56de6eca6b000b24c9e93e911961eb6d) Importer(815301076,1909f56bfc062723c751e8b465ee728b)  -> (artifact id: '8da103280300f9baae170d2d00f2a3e0') in 0.005350 seconds
  Import took 0.034232 seconds .

========================================================================
Received Import Request.
  Time since last request: 201.596608 seconds.
  path: Assets/Animations/Animation Controllers/FadeScreen.controller
  artifactKey: Guid(56de6eca6b000b24c9e93e911961eb6d) Importer(815301076,1909f56bfc062723c751e8b465ee728b)
Start importing Assets/Animations/Animation Controllers/FadeScreen.controller using Guid(56de6eca6b000b24c9e93e911961eb6d) Importer(815301076,1909f56bfc062723c751e8b465ee728b)  -> (artifact id: '28794dcf0971ca2a7b315fba907745d1') in 0.008569 seconds
  Import took 0.015786 seconds .

========================================================================
Received Prepare
Registering precompiled user dll's ...
Registered in 0.001550 seconds.
Begin MonoManager ReloadAssembly
Native extension for WindowsStandalone target not found
Refreshing native plugins compatible for Editor in 0.68 ms, found 1 plugins.
Preloading 0 native plugins for Editor in 0.00 ms.
Invoked RoslynAnalysisRunner static constructor.
RoslynAnalysisRunner will not be running.
RoslynAnalysisRunner has terminated.
Mono: successfully reloaded assembly
- Completed reload, in  1.292 seconds
Platform modules already initialized, skipping
Refreshing native plugins compatible for Editor in 0.77 ms, found 1 plugins.
Preloading 0 native plugins for Editor in 0.00 ms.
Unloading 1860 Unused Serialized files (Serialized files now loaded: 0)
System memory in use before: 91.7 MB.
System memory in use after: 91.7 MB.

Unloading 13 unused Assets to reduce memory usage. Loaded Objects now: 2392.
Total: 6.228700 ms (FindLiveObjects: 0.713400 ms CreateObjectMapping: 0.180300 ms MarkObjects: 5.023300 ms  DeleteObjects: 0.308100 ms)

========================================================================
Received Prepare
Registering precompiled user dll's ...
Registered in 0.002270 seconds.
Begin MonoManager ReloadAssembly
Native extension for WindowsStandalone target not found
Refreshing native plugins compatible for Editor in 1.09 ms, found 1 plugins.
Preloading 0 native plugins for Editor in 0.00 ms.
Invoked RoslynAnalysisRunner static constructor.
RoslynAnalysisRunner will not be running.
RoslynAnalysisRunner has terminated.
Mono: successfully reloaded assembly
- Completed reload, in  1.519 seconds
Platform modules already initialized, skipping
Refreshing native plugins compatible for Editor in 1.47 ms, found 1 plugins.
Preloading 0 native plugins for Editor in 0.00 ms.
Unloading 1859 Unused Serialized files (Serialized files now loaded: 0)
System memory in use before: 91.7 MB.
System memory in use after: 91.7 MB.

Unloading 13 unused Assets to reduce memory usage. Loaded Objects now: 2394.
Total: 5.759800 ms (FindLiveObjects: 0.665600 ms CreateObjectMapping: 0.187500 ms MarkObjects: 4.624700 ms  DeleteObjects: 0.278900 ms)

========================================================================
Received Import Request.
  Time since last request: 712.338600 seconds.
  path: Assets/Animations/Animation Controllers/FadeScreen.controller
  artifactKey: Guid(56de6eca6b000b24c9e93e911961eb6d) Importer(815301076,1909f56bfc062723c751e8b465ee728b)
Start importing Assets/Animations/Animation Controllers/FadeScreen.controller using Guid(56de6eca6b000b24c9e93e911961eb6d) Importer(815301076,1909f56bfc062723c751e8b465ee728b)  -> (artifact id: '36de6d871c6312df39233d38762de71c') in 0.031166 seconds
  Import took 0.054093 seconds .

========================================================================
Received Prepare
Registering precompiled user dll's ...
Registered in 0.002394 seconds.
Begin MonoManager ReloadAssembly
Native extension for WindowsStandalone target not found
Refreshing native plugins compatible for Editor in 1.23 ms, found 1 plugins.
Preloading 0 native plugins for Editor in 0.00 ms.
Invoked RoslynAnalysisRunner static constructor.
RoslynAnalysisRunner will not be running.
RoslynAnalysisRunner has terminated.
Mono: successfully reloaded assembly
- Completed reload, in  1.447 seconds
Platform modules already initialized, skipping
Refreshing native plugins compatible for Editor in 1.11 ms, found 1 plugins.
Preloading 0 native plugins for Editor in 0.00 ms.
Unloading 1859 Unused Serialized files (Serialized files now loaded: 0)
System memory in use before: 91.7 MB.
System memory in use after: 91.7 MB.

Unloading 12 unused Assets to reduce memory usage. Loaded Objects now: 2397.
Total: 3.066000 ms (FindLiveObjects: 0.386000 ms CreateObjectMapping: 0.054100 ms MarkObjects: 2.439300 ms  DeleteObjects: 0.184600 ms)

========================================================================
Received Import Request.
  Time since last request: 19.857592 seconds.
  path: Assets/Animations/Animation Controllers/FadeScreen.controller
  artifactKey: Guid(56de6eca6b000b24c9e93e911961eb6d) Importer(815301076,1909f56bfc062723c751e8b465ee728b)
Start importing Assets/Animations/Animation Controllers/FadeScreen.controller using Guid(56de6eca6b000b24c9e93e911961eb6d) Importer(815301076,1909f56bfc062723c751e8b465ee728b)  -> (artifact id: 'a0c079a7ca6a481e52e1e88828d4c9e7') in 0.023447 seconds
  Import took 0.028432 seconds .

========================================================================
Received Import Request.
  Time since last request: 67.496416 seconds.
  path: Assets/Animations/Animation Controllers/FadeScreen.controller
  artifactKey: Guid(56de6eca6b000b24c9e93e911961eb6d) Importer(815301076,1909f56bfc062723c751e8b465ee728b)
Start importing Assets/Animations/Animation Controllers/FadeScreen.controller using Guid(56de6eca6b000b24c9e93e911961eb6d) Importer(815301076,1909f56bfc062723c751e8b465ee728b)  -> (artifact id: '533c6a001f222eb7b788a4e80519409a') in 0.006778 seconds
  Import took 0.014088 seconds .

========================================================================
Received Import Request.
  Time since last request: 19.463013 seconds.
  path: Assets/Animations/Animation Controllers/FadeScreen.controller
  artifactKey: Guid(56de6eca6b000b24c9e93e911961eb6d) Importer(815301076,1909f56bfc062723c751e8b465ee728b)
Start importing Assets/Animations/Animation Controllers/FadeScreen.controller using Guid(56de6eca6b000b24c9e93e911961eb6d) Importer(815301076,1909f56bfc062723c751e8b465ee728b)  -> (artifact id: 'e81c4eb0bd45b93ad4fea6c007df9acd') in 0.007343 seconds
  Import took 0.014283 seconds .

========================================================================
Received Prepare
Registering precompiled user dll's ...
Registered in 0.002671 seconds.
Begin MonoManager ReloadAssembly
Native extension for WindowsStandalone target not found
Refreshing native plugins compatible for Editor in 0.76 ms, found 1 plugins.
Preloading 0 native plugins for Editor in 0.00 ms.
Invoked RoslynAnalysisRunner static constructor.
RoslynAnalysisRunner will not be running.
RoslynAnalysisRunner has terminated.
Mono: successfully reloaded assembly
- Completed reload, in  1.415 seconds
Platform modules already initialized, skipping
Refreshing native plugins compatible for Editor in 1.16 ms, found 1 plugins.
Preloading 0 native plugins for Editor in 0.00 ms.
Unloading 1859 Unused Serialized files (Serialized files now loaded: 0)
System memory in use before: 91.7 MB.
System memory in use after: 91.7 MB.

Unloading 12 unused Assets to reduce memory usage. Loaded Objects now: 2400.
Total: 6.251300 ms (FindLiveObjects: 0.713800 ms CreateObjectMapping: 0.228200 ms MarkObjects: 5.024600 ms  DeleteObjects: 0.279700 ms)

========================================================================
Received Prepare
Registering precompiled user dll's ...
Registered in 0.001863 seconds.
Begin MonoManager ReloadAssembly
Native extension for WindowsStandalone target not found
Refreshing native plugins compatible for Editor in 1.01 ms, found 1 plugins.
Preloading 0 native plugins for Editor in 0.00 ms.
Invoked RoslynAnalysisRunner static constructor.
RoslynAnalysisRunner will not be running.
RoslynAnalysisRunner has terminated.
Mono: successfully reloaded assembly
- Completed reload, in  1.220 seconds
Platform modules already initialized, skipping
Refreshing native plugins compatible for Editor in 0.86 ms, found 1 plugins.
Preloading 0 native plugins for Editor in 0.00 ms.
Unloading 1859 Unused Serialized files (Serialized files now loaded: 0)
System memory in use before: 91.8 MB.
System memory in use after: 91.7 MB.

Unloading 12 unused Assets to reduce memory usage. Loaded Objects now: 2403.
Total: 3.771300 ms (FindLiveObjects: 0.706600 ms CreateObjectMapping: 0.165000 ms MarkObjects: 2.653100 ms  DeleteObjects: 0.243600 ms)

========================================================================
Received Prepare
Registering precompiled user dll's ...
Registered in 0.001602 seconds.
Begin MonoManager ReloadAssembly
Native extension for WindowsStandalone target not found
Refreshing native plugins compatible for Editor in 0.76 ms, found 1 plugins.
Preloading 0 native plugins for Editor in 0.00 ms.
Invoked RoslynAnalysisRunner static constructor.
RoslynAnalysisRunner will not be running.
RoslynAnalysisRunner has terminated.
Mono: successfully reloaded assembly
- Completed reload, in  1.284 seconds
Platform modules already initialized, skipping
Refreshing native plugins compatible for Editor in 0.74 ms, found 1 plugins.
Preloading 0 native plugins for Editor in 0.00 ms.
Unloading 1859 Unused Serialized files (Serialized files now loaded: 0)
System memory in use before: 91.7 MB.
System memory in use after: 91.7 MB.

Unloading 12 unused Assets to reduce memory usage. Loaded Objects now: 2406.
Total: 4.320700 ms (FindLiveObjects: 0.550900 ms CreateObjectMapping: 0.132900 ms MarkObjects: 3.413100 ms  DeleteObjects: 0.221200 ms)

========================================================================
Received Import Request.
  Time since last request: 192.174429 seconds.
  path: Assets/Animations/Animation Controllers/FadeScreen.controller
  artifactKey: Guid(56de6eca6b000b24c9e93e911961eb6d) Importer(815301076,1909f56bfc062723c751e8b465ee728b)
Start importing Assets/Animations/Animation Controllers/FadeScreen.controller using Guid(56de6eca6b000b24c9e93e911961eb6d) Importer(815301076,1909f56bfc062723c751e8b465ee728b)  -> (artifact id: 'eb4443110ff52b0ea5aa8f83a8aa8fe4') in 0.031570 seconds
  Import took 0.037678 seconds .

========================================================================
Received Import Request.
  Time since last request: 0.016447 seconds.
  path: Assets/Animations/Animation Controllers/FadeScreen.controller
  artifactKey: Guid(56de6eca6b000b24c9e93e911961eb6d) Importer(815301076,1909f56bfc062723c751e8b465ee728b)
Start importing Assets/Animations/Animation Controllers/FadeScreen.controller using Guid(56de6eca6b000b24c9e93e911961eb6d) Importer(815301076,1909f56bfc062723c751e8b465ee728b)  -> (artifact id: 'eb4443110ff52b0ea5aa8f83a8aa8fe4') in 0.007544 seconds
  Import took 0.014464 seconds .

========================================================================
Received Import Request.
  Time since last request: 5.070731 seconds.
  path: Assets/Animations/Animation Files/UI/FadeScreen.anim
  artifactKey: Guid(edf874bc5cb615942aada7a8cf01e212) Importer(815301076,1909f56bfc062723c751e8b465ee728b)
Start importing Assets/Animations/Animation Files/UI/FadeScreen.anim using Guid(edf874bc5cb615942aada7a8cf01e212) Importer(815301076,1909f56bfc062723c751e8b465ee728b)  -> (artifact id: 'a8849828e32243331f296e31bbab04db') in 0.006882 seconds
  Import took 0.013698 seconds .

========================================================================
Received Import Request.
  Time since last request: 0.010356 seconds.
  path: Assets/Animations/Animation Files/UI/FadeScreen.anim
  artifactKey: Guid(edf874bc5cb615942aada7a8cf01e212) Importer(815301076,1909f56bfc062723c751e8b465ee728b)
Start importing Assets/Animations/Animation Files/UI/FadeScreen.anim using Guid(edf874bc5cb615942aada7a8cf01e212) Importer(815301076,1909f56bfc062723c751e8b465ee728b)  -> (artifact id: 'a8849828e32243331f296e31bbab04db') in 0.005131 seconds
  Import took 0.010496 seconds .

========================================================================
Received Import Request.
  Time since last request: 2.681272 seconds.
  path: Assets/Animations/Animation Files/UI/FadeScreenOut.anim
  artifactKey: Guid(efda61bcaca236643ae2a495dc995f97) Importer(815301076,1909f56bfc062723c751e8b465ee728b)
Start importing Assets/Animations/Animation Files/UI/FadeScreenOut.anim using Guid(efda61bcaca236643ae2a495dc995f97) Importer(815301076,1909f56bfc062723c751e8b465ee728b)  -> (artifact id: '37012b79e5cf09ed11487e838b6148d1') in 0.006558 seconds
  Import took 0.013012 seconds .

========================================================================
Received Import Request.
  Time since last request: 2.283187 seconds.
  path: Assets/Animations/Animation Files/UI/FadeScreenOut.anim
  artifactKey: Guid(efda61bcaca236643ae2a495dc995f97) Importer(815301076,1909f56bfc062723c751e8b465ee728b)
Start importing Assets/Animations/Animation Files/UI/FadeScreenOut.anim using Guid(efda61bcaca236643ae2a495dc995f97) Importer(815301076,1909f56bfc062723c751e8b465ee728b)  -> (artifact id: '7f5d9c468f9a8407ebe4a752ac5b2ddb') in 0.006278 seconds
  Import took 0.012539 seconds .

========================================================================
Received Prepare
Registering precompiled user dll's ...
Registered in 0.001586 seconds.
Begin MonoManager ReloadAssembly
Native extension for WindowsStandalone target not found
Refreshing native plugins compatible for Editor in 1.51 ms, found 1 plugins.
Preloading 0 native plugins for Editor in 0.00 ms.
Invoked RoslynAnalysisRunner static constructor.
RoslynAnalysisRunner will not be running.
RoslynAnalysisRunner has terminated.
Mono: successfully reloaded assembly
- Completed reload, in  1.597 seconds
Platform modules already initialized, skipping
Refreshing native plugins compatible for Editor in 1.58 ms, found 1 plugins.
Preloading 0 native plugins for Editor in 0.00 ms.
Unloading 1859 Unused Serialized files (Serialized files now loaded: 0)
System memory in use before: 91.8 MB.
System memory in use after: 91.7 MB.

Unloading 12 unused Assets to reduce memory usage. Loaded Objects now: 2409.
Total: 5.646000 ms (FindLiveObjects: 0.602600 ms CreateObjectMapping: 0.212800 ms MarkObjects: 4.572500 ms  DeleteObjects: 0.253800 ms)

========================================================================
Received Import Request.
  Time since last request: 79.751946 seconds.
  path: Assets/Animations/Animation Files/UI/FadeScreen.anim
  artifactKey: Guid(edf874bc5cb615942aada7a8cf01e212) Importer(815301076,1909f56bfc062723c751e8b465ee728b)
Start importing Assets/Animations/Animation Files/UI/FadeScreen.anim using Guid(edf874bc5cb615942aada7a8cf01e212) Importer(815301076,1909f56bfc062723c751e8b465ee728b)  -> (artifact id: '927e4902569535958e28679da1c8b791') in 0.026867 seconds
  Import took 0.033882 seconds .

========================================================================
Received Prepare
Registering precompiled user dll's ...
Registered in 0.002507 seconds.
Begin MonoManager ReloadAssembly
Native extension for WindowsStandalone target not found
Refreshing native plugins compatible for Editor in 0.73 ms, found 1 plugins.
Preloading 0 native plugins for Editor in 0.00 ms.
Invoked RoslynAnalysisRunner static constructor.
RoslynAnalysisRunner will not be running.
RoslynAnalysisRunner has terminated.
Mono: successfully reloaded assembly
- Completed reload, in  1.245 seconds
Platform modules already initialized, skipping
Refreshing native plugins compatible for Editor in 0.74 ms, found 1 plugins.
Preloading 0 native plugins for Editor in 0.00 ms.
Unloading 1859 Unused Serialized files (Serialized files now loaded: 0)
System memory in use before: 91.8 MB.
System memory in use after: 91.8 MB.

Unloading 12 unused Assets to reduce memory usage. Loaded Objects now: 2412.
Total: 5.763000 ms (FindLiveObjects: 0.603400 ms CreateObjectMapping: 0.229600 ms MarkObjects: 4.620400 ms  DeleteObjects: 0.305900 ms)

========================================================================
Received Prepare
Registering precompiled user dll's ...
Registered in 0.002045 seconds.
Begin MonoManager ReloadAssembly
Native extension for WindowsStandalone target not found
Refreshing native plugins compatible for Editor in 0.70 ms, found 1 plugins.
Preloading 0 native plugins for Editor in 0.00 ms.
Invoked RoslynAnalysisRunner static constructor.
RoslynAnalysisRunner will not be running.
RoslynAnalysisRunner has terminated.
Mono: successfully reloaded assembly
- Completed reload, in  1.160 seconds
Platform modules already initialized, skipping
Refreshing native plugins compatible for Editor in 1.05 ms, found 1 plugins.
Preloading 0 native plugins for Editor in 0.00 ms.
Unloading 1859 Unused Serialized files (Serialized files now loaded: 0)
System memory in use before: 91.8 MB.
System memory in use after: 91.8 MB.

Unloading 12 unused Assets to reduce memory usage. Loaded Objects now: 2415.
Total: 5.976200 ms (FindLiveObjects: 0.524900 ms CreateObjectMapping: 0.122200 ms MarkObjects: 5.038200 ms  DeleteObjects: 0.287800 ms)

========================================================================
Received Prepare
Registering precompiled user dll's ...
Registered in 0.001714 seconds.
Begin MonoManager ReloadAssembly
Native extension for WindowsStandalone target not found
Refreshing native plugins compatible for Editor in 1.15 ms, found 1 plugins.
Preloading 0 native plugins for Editor in 0.00 ms.
Invoked RoslynAnalysisRunner static constructor.
RoslynAnalysisRunner will not be running.
RoslynAnalysisRunner has terminated.
Mono: successfully reloaded assembly
- Completed reload, in  1.467 seconds
Platform modules already initialized, skipping
Refreshing native plugins compatible for Editor in 1.20 ms, found 1 plugins.
Preloading 0 native plugins for Editor in 0.00 ms.
Unloading 1859 Unused Serialized files (Serialized files now loaded: 0)
System memory in use before: 91.8 MB.
System memory in use after: 91.8 MB.

Unloading 12 unused Assets to reduce memory usage. Loaded Objects now: 2418.
Total: 4.851000 ms (FindLiveObjects: 0.577600 ms CreateObjectMapping: 0.091800 ms MarkObjects: 3.923900 ms  DeleteObjects: 0.254900 ms)

========================================================================
Received Import Request.
  Time since last request: 446.495282 seconds.
  path: Assets/Prefabs/Battle/Battle Panel.prefab
  artifactKey: Guid(5650389da93cf7e43850626b30da59fa) Importer(815301076,1909f56bfc062723c751e8b465ee728b)
Start importing Assets/Prefabs/Battle/Battle Panel.prefab using Guid(5650389da93cf7e43850626b30da59fa) Importer(815301076,1909f56bfc062723c751e8b465ee728b)  -> (artifact id: 'aa4689d904b8188a86d57130d6e376d4') in 0.412043 seconds
  Import took 0.420959 seconds .

========================================================================
Received Prepare
Registering precompiled user dll's ...
Registered in 0.001501 seconds.
Begin MonoManager ReloadAssembly
Native extension for WindowsStandalone target not found
Refreshing native plugins compatible for Editor in 1.05 ms, found 1 plugins.
Preloading 0 native plugins for Editor in 0.00 ms.
Invoked RoslynAnalysisRunner static constructor.
RoslynAnalysisRunner will not be running.
RoslynAnalysisRunner has terminated.
Mono: successfully reloaded assembly
- Completed reload, in  1.317 seconds
Platform modules already initialized, skipping
Refreshing native plugins compatible for Editor in 0.86 ms, found 1 plugins.
Preloading 0 native plugins for Editor in 0.00 ms.
Unloading 1859 Unused Serialized files (Serialized files now loaded: 0)
System memory in use before: 91.8 MB.
System memory in use after: 91.8 MB.

Unloading 13 unused Assets to reduce memory usage. Loaded Objects now: 2421.
Total: 4.087400 ms (FindLiveObjects: 0.598900 ms CreateObjectMapping: 0.161700 ms MarkObjects: 3.105000 ms  DeleteObjects: 0.218700 ms)

========================================================================
Received Prepare
Registering precompiled user dll's ...
Registered in 0.001742 seconds.
Begin MonoManager ReloadAssembly
Native extension for WindowsStandalone target not found
Refreshing native plugins compatible for Editor in 1.12 ms, found 1 plugins.
Preloading 0 native plugins for Editor in 0.00 ms.
Invoked RoslynAnalysisRunner static constructor.
RoslynAnalysisRunner will not be running.
RoslynAnalysisRunner has terminated.
Mono: successfully reloaded assembly
- Completed reload, in  1.534 seconds
Platform modules already initialized, skipping
Refreshing native plugins compatible for Editor in 1.46 ms, found 1 plugins.
Preloading 0 native plugins for Editor in 0.00 ms.
Unloading 1859 Unused Serialized files (Serialized files now loaded: 0)
System memory in use before: 91.8 MB.
System memory in use after: 91.8 MB.

Unloading 12 unused Assets to reduce memory usage. Loaded Objects now: 2424.
Total: 6.337600 ms (FindLiveObjects: 0.716400 ms CreateObjectMapping: 0.247900 ms MarkObjects: 5.071200 ms  DeleteObjects: 0.299000 ms)

========================================================================
Received Prepare
Registering precompiled user dll's ...
Registered in 0.002377 seconds.
Begin MonoManager ReloadAssembly
Native extension for WindowsStandalone target not found
Refreshing native plugins compatible for Editor in 0.73 ms, found 1 plugins.
Preloading 0 native plugins for Editor in 0.00 ms.
Invoked RoslynAnalysisRunner static constructor.
RoslynAnalysisRunner will not be running.
RoslynAnalysisRunner has terminated.
Mono: successfully reloaded assembly
- Completed reload, in  1.420 seconds
Platform modules already initialized, skipping
Refreshing native plugins compatible for Editor in 1.35 ms, found 1 plugins.
Preloading 0 native plugins for Editor in 0.00 ms.
Unloading 1859 Unused Serialized files (Serialized files now loaded: 0)
System memory in use before: 91.8 MB.
System memory in use after: 91.8 MB.

Unloading 12 unused Assets to reduce memory usage. Loaded Objects now: 2427.
Total: 3.389000 ms (FindLiveObjects: 0.383300 ms CreateObjectMapping: 0.080300 ms MarkObjects: 2.696200 ms  DeleteObjects: 0.225500 ms)

========================================================================
Received Import Request.
  Time since last request: 541.098905 seconds.
  path: Assets/Animations/Animation Controllers/FadeScreen.controller
  artifactKey: Guid(56de6eca6b000b24c9e93e911961eb6d) Importer(815301076,1909f56bfc062723c751e8b465ee728b)
Start importing Assets/Animations/Animation Controllers/FadeScreen.controller using Guid(56de6eca6b000b24c9e93e911961eb6d) Importer(815301076,1909f56bfc062723c751e8b465ee728b)  -> (artifact id: '37c1d5255aa73d93d6b5ed6133880923') in 0.031457 seconds
  Import took 0.038851 seconds .

========================================================================
Received Prepare
Registering precompiled user dll's ...
Registered in 0.002698 seconds.
Begin MonoManager ReloadAssembly
Native extension for WindowsStandalone target not found
Refreshing native plugins compatible for Editor in 0.68 ms, found 1 plugins.
Preloading 0 native plugins for Editor in 0.00 ms.
Invoked RoslynAnalysisRunner static constructor.
RoslynAnalysisRunner will not be running.
RoslynAnalysisRunner has terminated.
Mono: successfully reloaded assembly
- Completed reload, in  1.381 seconds
Platform modules already initialized, skipping
Refreshing native plugins compatible for Editor in 0.79 ms, found 1 plugins.
Preloading 0 native plugins for Editor in 0.00 ms.
Unloading 1859 Unused Serialized files (Serialized files now loaded: 0)
System memory in use before: 91.8 MB.
System memory in use after: 91.8 MB.

Unloading 12 unused Assets to reduce memory usage. Loaded Objects now: 2430.
Total: 4.564700 ms (FindLiveObjects: 0.565100 ms CreateObjectMapping: 0.116000 ms MarkObjects: 3.656200 ms  DeleteObjects: 0.224400 ms)

AssetImportWorkerClient::OnTransportError - code=2 error=End of file
